2018-08-16 09:44:32.030  INFO 5664 --- [main] com.caody.muyi.MuYiApplication           : Starting MuYiApplication on hm_java_曹冬洋 with PID 5664 (started by Administrator in F:\博客项目\cdy)
2018-08-16 09:44:32.041 DEBUG 5664 --- [main] com.caody.muyi.MuYiApplication           : Running with Spring Boot v2.0.2.RELEASE, Spring v5.0.6.RELEASE
2018-08-16 09:44:32.044  INFO 5664 --- [main] com.caody.muyi.MuYiApplication           : No active profile set, falling back to default profiles: default
2018-08-16 09:44:32.180  INFO 5664 --- [main] ConfigServletWebServerApplicationContext : Refreshing org.springframework.boot.web.servlet.context.AnnotationConfigServletWebServerApplicationContext@d271d6c: startup date [Thu Aug 16 09:44:32 GMT+08:00 2018]; root of context hierarchy
2018-08-16 09:44:33.220  INFO 5664 --- [main] .s.d.r.c.RepositoryConfigurationDelegate : Multiple Spring Data modules found, entering strict repository configuration mode!
2018-08-16 09:44:33.648  INFO 5664 --- [main] .s.d.r.c.RepositoryConfigurationDelegate : Multiple Spring Data modules found, entering strict repository configuration mode!
2018-08-16 09:44:34.307  INFO 5664 --- [main] trationDelegate$BeanPostProcessorChecker : Bean 'org.springframework.amqp.rabbit.annotation.RabbitBootstrapConfiguration' of type [org.springframework.amqp.rabbit.annotation.RabbitBootstrapConfiguration$$EnhancerBySpringCGLIB$$5bca2724] is not eligible for getting processed by all BeanPostProcessors (for example: not eligible for auto-proxying)
2018-08-16 09:44:34.472  INFO 5664 --- [main] trationDelegate$BeanPostProcessorChecker : Bean 'org.springframework.transaction.annotation.ProxyTransactionManagementConfiguration' of type [org.springframework.transaction.annotation.ProxyTransactionManagementConfiguration$$EnhancerBySpringCGLIB$$955e68f6] is not eligible for getting processed by all BeanPostProcessors (for example: not eligible for auto-proxying)
2018-08-16 09:44:34.777  INFO 5664 --- [main] trationDelegate$BeanPostProcessorChecker : Bean 'redisConfig' of type [com.caody.muyi.core.config.RedisConfig$$EnhancerBySpringCGLIB$$313ceada] is not eligible for getting processed by all BeanPostProcessors (for example: not eligible for auto-proxying)
2018-08-16 09:44:34.795  INFO 5664 --- [main] trationDelegate$BeanPostProcessorChecker : Bean 'keyGenerator' of type [com.caody.muyi.core.config.RedisConfig$1] is not eligible for getting processed by all BeanPostProcessors (for example: not eligible for auto-proxying)
2018-08-16 09:44:34.797  INFO 5664 --- [main] trationDelegate$BeanPostProcessorChecker : Bean 'org.springframework.cache.annotation.ProxyCachingConfiguration' of type [org.springframework.cache.annotation.ProxyCachingConfiguration$$EnhancerBySpringCGLIB$$de709f14] is not eligible for getting processed by all BeanPostProcessors (for example: not eligible for auto-proxying)
2018-08-16 09:44:34.838  INFO 5664 --- [main] trationDelegate$BeanPostProcessorChecker : Bean 'nettySocketConfig' of type [com.caody.muyi.core.config.NettySocketConfig$$EnhancerBySpringCGLIB$$550c9494] is not eligible for getting processed by all BeanPostProcessors (for example: not eligible for auto-proxying)
2018-08-16 09:44:34.946  INFO 5664 --- [main] trationDelegate$BeanPostProcessorChecker : Bean 'socketIOServer' of type [com.corundumstudio.socketio.SocketIOServer] is not eligible for getting processed by all BeanPostProcessors (for example: not eligible for auto-proxying)
2018-08-16 09:44:35.719  INFO 5664 --- [main] o.s.b.w.embedded.tomcat.TomcatWebServer  : Tomcat initialized with port(s): 8812 (http)
2018-08-16 09:44:35.775  INFO 5664 --- [main] o.apache.catalina.core.StandardService   : Starting service [Tomcat]
2018-08-16 09:44:35.776  INFO 5664 --- [main] org.apache.catalina.core.StandardEngine  : Starting Servlet Engine: Apache Tomcat/8.5.31
2018-08-16 09:44:35.780  INFO 5664 --- [localhost-startStop-1] o.a.catalina.core.AprLifecycleListener   : The APR based Apache Tomcat Native library which allows optimal performance in production environments was not found on the java.library.path: [E:\develop\java\bin;C:\Windows\Sun\Java\bin;C:\Windows\system32;C:\Windows;JAVA_HOME/bin;C:\ProgramData\Oracle\Java\javapath;C:\Windows\system32;C:\Windows;C:\Windows\System32\Wbem;C:\Windows\System32\WindowsPowerShell\v1.0\;C:\Program Files\TortoiseSVN\bin;D:\apache-maven-3.5.3\bin;C:\Program Files\Git\cmd;C:\Program Files\erl10.0.1\bin;;.]
2018-08-16 09:44:35.957  INFO 5664 --- [localhost-startStop-1] o.a.c.c.C.[Tomcat].[localhost].[/]       : Initializing Spring embedded WebApplicationContext
2018-08-16 09:44:35.957  INFO 5664 --- [localhost-startStop-1] o.s.web.context.ContextLoader            : Root WebApplicationContext: initialization completed in 3777 ms
2018-08-16 09:44:36.180  INFO 5664 --- [localhost-startStop-1] o.s.b.w.servlet.ServletRegistrationBean  : Servlet dispatcherServlet mapped to [/]
2018-08-16 09:44:36.187  INFO 5664 --- [localhost-startStop-1] o.s.b.w.servlet.FilterRegistrationBean   : Mapping filter: 'characterEncodingFilter' to: [/*]
2018-08-16 09:44:36.188  INFO 5664 --- [localhost-startStop-1] o.s.b.w.servlet.FilterRegistrationBean   : Mapping filter: 'hiddenHttpMethodFilter' to: [/*]
2018-08-16 09:44:36.188  INFO 5664 --- [localhost-startStop-1] o.s.b.w.servlet.FilterRegistrationBean   : Mapping filter: 'httpPutFormContentFilter' to: [/*]
2018-08-16 09:44:36.188  INFO 5664 --- [localhost-startStop-1] o.s.b.w.servlet.FilterRegistrationBean   : Mapping filter: 'requestContextFilter' to: [/*]
2018-08-16 09:44:36.855  INFO 5664 --- [main] org.mongodb.driver.cluster               : Cluster created with settings {hosts=[47.104.2.180:27017], mode=MULTIPLE, requiredClusterType=UNKNOWN, serverSelectionTimeout='30000 ms', maxWaitQueueSize=500}
2018-08-16 09:44:36.856  INFO 5664 --- [main] org.mongodb.driver.cluster               : Adding discovered server 47.104.2.180:27017 to client view of cluster
2018-08-16 09:44:37.066  INFO 5664 --- [cluster-ClusterId{value='5b74d7047878ed1620e0649e', description='null'}-47.104.2.180:27017] org.mongodb.driver.connection            : Opened connection [connectionId{localValue:1, serverValue:1920}] to 47.104.2.180:27017
2018-08-16 09:44:37.080  INFO 5664 --- [cluster-ClusterId{value='5b74d7047878ed1620e0649e', description='null'}-47.104.2.180:27017] org.mongodb.driver.cluster               : Monitor thread successfully connected to server with description ServerDescription{address=47.104.2.180:27017, type=STANDALONE, state=CONNECTED, ok=true, version=ServerVersion{versionList=[3, 4, 16]}, minWireVersion=0, maxWireVersion=5, maxDocumentSize=16777216, logicalSessionTimeoutMinutes=null, roundTripTimeNanos=12203671}
2018-08-16 09:44:37.083  INFO 5664 --- [cluster-ClusterId{value='5b74d7047878ed1620e0649e', description='null'}-47.104.2.180:27017] org.mongodb.driver.cluster               : Discovered cluster type of STANDALONE
2018-08-16 09:44:37.930  INFO 5664 --- [main] com.alibaba.druid.pool.DruidDataSource   : {dataSource-1} inited
2018-08-16 09:44:38.727  INFO 5664 --- [main] c.c.s.a.SpringAnnotationScanner          : messageEventHandler bean listeners added
2018-08-16 09:44:38.907  INFO 5664 --- [main] o.s.s.concurrent.ThreadPoolTaskExecutor  : Initializing ExecutorService  'taskExecutor'
2018-08-16 09:44:38.983  WARN 5664 --- [main] o.s.w.s.s.s.WebSocketHandlerMapping      : Neither 'urlMap' nor 'mappings' set on SimpleUrlHandlerMapping
2018-08-16 09:44:39.105  INFO 5664 --- [main] o.s.w.s.handler.SimpleUrlHandlerMapping  : Mapped URL path [/**/favicon.ico] onto handler of type [class org.springframework.web.servlet.resource.ResourceHttpRequestHandler]
2018-08-16 09:44:39.571  INFO 5664 --- [main] s.w.s.m.m.a.RequestMappingHandlerAdapter : Looking for @ControllerAdvice: org.springframework.boot.web.servlet.context.AnnotationConfigServletWebServerApplicationContext@d271d6c: startup date [Thu Aug 16 09:44:32 GMT+08:00 2018]; root of context hierarchy
2018-08-16 09:44:39.690  INFO 5664 --- [main] s.w.s.m.m.a.RequestMappingHandlerMapping : Mapped "{[/checkcenter/socket/push]}" onto public java.lang.Object com.caody.muyi.controller.CheckCenterController.pushToWeb(java.lang.String,java.lang.String)
2018-08-16 09:44:39.691  INFO 5664 --- [main] s.w.s.m.m.a.RequestMappingHandlerMapping : Mapped "{[/sendMessage]}" onto public void com.caody.muyi.controller.messagequeued.MQMessageSender.sendMessage()
2018-08-16 09:44:39.692  INFO 5664 --- [main] s.w.s.m.m.a.RequestMappingHandlerMapping : Mapped "{[/sendMessage1]}" onto public void com.caody.muyi.controller.messagequeued.MQMessageSender.sendMessage1()
2018-08-16 09:44:39.694  INFO 5664 --- [main] s.w.s.m.m.a.RequestMappingHandlerMapping : Mapped "{[/mogodb/getName]}" onto public java.lang.Object com.caody.muyi.controller.mogodbController.getName()
2018-08-16 09:44:39.694  INFO 5664 --- [main] s.w.s.m.m.a.RequestMappingHandlerMapping : Mapped "{[/mogodb/getValue]}" onto public java.util.List<com.caody.muyi.mogodb.User> com.caody.muyi.controller.mogodbController.getValue()
2018-08-16 09:44:39.694  INFO 5664 --- [main] s.w.s.m.m.a.RequestMappingHandlerMapping : Mapped "{[/mogodb/delete]}" onto public void com.caody.muyi.controller.mogodbController.delete()
2018-08-16 09:44:39.694  INFO 5664 --- [main] s.w.s.m.m.a.RequestMappingHandlerMapping : Mapped "{[/mogodb/save]}" onto public void com.caody.muyi.controller.mogodbController.save()
2018-08-16 09:44:39.695  INFO 5664 --- [main] s.w.s.m.m.a.RequestMappingHandlerMapping : Mapped "{[/mogodb/test]}" onto public void com.caody.muyi.controller.mogodbController.test()
2018-08-16 09:44:39.695  INFO 5664 --- [main] s.w.s.m.m.a.RequestMappingHandlerMapping : Mapped "{[/mogodb/getLog]}" onto public java.lang.Object com.caody.muyi.controller.mogodbController.getLog()
2018-08-16 09:44:39.697  INFO 5664 --- [main] s.w.s.m.m.a.RequestMappingHandlerMapping : Mapped "{[/redis/test]}" onto public void com.caody.muyi.controller.RedisController.test()
2018-08-16 09:44:39.697  INFO 5664 --- [main] s.w.s.m.m.a.RequestMappingHandlerMapping : Mapped "{[/redis/setTime]}" onto public java.lang.Object com.caody.muyi.controller.RedisController.setTime(java.lang.String,java.lang.String)
2018-08-16 09:44:39.697  INFO 5664 --- [main] s.w.s.m.m.a.RequestMappingHandlerMapping : Mapped "{[/redis/delay]}" onto public java.lang.Object com.caody.muyi.controller.RedisController.delay(java.lang.String)
2018-08-16 09:44:39.697  INFO 5664 --- [main] s.w.s.m.m.a.RequestMappingHandlerMapping : Mapped "{[/redis/set]}" onto public java.lang.Object com.caody.muyi.controller.RedisController.setController(java.lang.String,java.lang.String)
2018-08-16 09:44:39.698  INFO 5664 --- [main] s.w.s.m.m.a.RequestMappingHandlerMapping : Mapped "{[/redis/get]}" onto public java.lang.Object com.caody.muyi.controller.RedisController.getController(java.lang.String)
2018-08-16 09:44:39.698  INFO 5664 --- [main] s.w.s.m.m.a.RequestMappingHandlerMapping : Mapped "{[/redis/delete]}" onto public void com.caody.muyi.controller.RedisController.deleteController(java.lang.String)
2018-08-16 09:44:39.700  INFO 5664 --- [main] s.w.s.m.m.a.RequestMappingHandlerMapping : Mapped "{[/sktCarts/test]}" onto public java.lang.Object com.caody.muyi.controller.SktCartsController.test()
2018-08-16 09:44:39.700  INFO 5664 --- [main] s.w.s.m.m.a.RequestMappingHandlerMapping : Mapped "{[/StockController/stock]}" onto public java.lang.Object com.caody.muyi.controller.StockController.stock()
2018-08-16 09:44:39.703  INFO 5664 --- [main] s.w.s.m.m.a.RequestMappingHandlerMapping : Mapped "{[/socket]}" onto public java.lang.String com.caody.muyi.TestController.socket()
2018-08-16 09:44:39.703  INFO 5664 --- [main] s.w.s.m.m.a.RequestMappingHandlerMapping : Mapped "{[/upload]}" onto public java.util.Map<java.lang.String, java.lang.Object> com.caody.muyi.TestController.upload(javax.servlet.http.HttpServletRequest,javax.servlet.http.HttpServletResponse) throws java.io.IOException
2018-08-16 09:44:39.703  INFO 5664 --- [main] s.w.s.m.m.a.RequestMappingHandlerMapping : Mapped "{[/socket2]}" onto public java.lang.String com.caody.muyi.TestController.socket2()
2018-08-16 09:44:39.704  INFO 5664 --- [main] s.w.s.m.m.a.RequestMappingHandlerMapping : Mapped "{[/socket1]}" onto public java.lang.String com.caody.muyi.TestController.socket1()
2018-08-16 09:44:39.704  INFO 5664 --- [main] s.w.s.m.m.a.RequestMappingHandlerMapping : Mapped "{[/netty]}" onto public java.lang.String com.caody.muyi.TestController.netty()
2018-08-16 09:44:39.704  INFO 5664 --- [main] s.w.s.m.m.a.RequestMappingHandlerMapping : Mapped "{[/web]}" onto public java.lang.String com.caody.muyi.TestController.web()
2018-08-16 09:44:39.704  INFO 5664 --- [main] s.w.s.m.m.a.RequestMappingHandlerMapping : Mapped "{[/netty1]}" onto public java.lang.String com.caody.muyi.TestController.netty1()
2018-08-16 09:44:39.704  INFO 5664 --- [main] s.w.s.m.m.a.RequestMappingHandlerMapping : Mapped "{[/netty2]}" onto public java.lang.String com.caody.muyi.TestController.netty2()
2018-08-16 09:44:39.705  INFO 5664 --- [main] s.w.s.m.m.a.RequestMappingHandlerMapping : Mapped "{[/]}" onto public java.lang.String com.caody.muyi.TestController.testThymeleaf(org.springframework.ui.ModelMap)
2018-08-16 09:44:39.705  INFO 5664 --- [main] s.w.s.m.m.a.RequestMappingHandlerMapping : Mapped "{[/test]}" onto public java.lang.String com.caody.muyi.TestController.ueditor()
2018-08-16 09:44:39.705  INFO 5664 --- [main] s.w.s.m.m.a.RequestMappingHandlerMapping : Mapped "{[/ueditor]}" onto public java.lang.String com.caody.muyi.TestController.ueditor(javax.servlet.http.HttpServletRequest)
2018-08-16 09:44:39.705  INFO 5664 --- [main] s.w.s.m.m.a.RequestMappingHandlerMapping : Mapped "{[/getSsm]}" onto public java.lang.Object com.caody.muyi.TestController.getSsm()
2018-08-16 09:44:39.705  INFO 5664 --- [main] s.w.s.m.m.a.RequestMappingHandlerMapping : Mapped "{[/wang]}" onto protected java.lang.String com.caody.muyi.TestController.wang()
2018-08-16 09:44:39.705  INFO 5664 --- [main] s.w.s.m.m.a.RequestMappingHandlerMapping : Mapped "{[/aopTest]}" onto public java.lang.Object com.caody.muyi.TestController.aopTest() throws java.lang.InterruptedException
2018-08-16 09:44:39.709  INFO 5664 --- [main] s.w.s.m.m.a.RequestMappingHandlerMapping : Mapped "{[/error]}" onto public org.springframework.http.ResponseEntity<java.util.Map<java.lang.String, java.lang.Object>> org.springframework.boot.autoconfigure.web.servlet.error.BasicErrorController.error(javax.servlet.http.HttpServletRequest)
2018-08-16 09:44:39.712  INFO 5664 --- [main] s.w.s.m.m.a.RequestMappingHandlerMapping : Mapped "{[/error],produces=[text/html]}" onto public org.springframework.web.servlet.ModelAndView org.springframework.boot.autoconfigure.web.servlet.error.BasicErrorController.errorHtml(javax.servlet.http.HttpServletRequest,javax.servlet.http.HttpServletResponse)
2018-08-16 09:44:39.762  INFO 5664 --- [main] o.s.w.s.handler.SimpleUrlHandlerMapping  : Mapped URL path [/webjars/**] onto handler of type [class org.springframework.web.servlet.resource.ResourceHttpRequestHandler]
2018-08-16 09:44:39.762  INFO 5664 --- [main] o.s.w.s.handler.SimpleUrlHandlerMapping  : Mapped URL path [/**] onto handler of type [class org.springframework.web.servlet.resource.ResourceHttpRequestHandler]
2018-08-16 09:44:39.920  WARN 5664 --- [main] org.thymeleaf.templatemode.TemplateMode  : [THYMELEAF][main] Template Mode 'LEGACYHTML5' is deprecated. Using Template Mode 'HTML' instead.
2018-08-16 09:44:40.017  INFO 5664 --- [main] o.s.b.a.w.s.WelcomePageHandlerMapping    : Adding welcome page template: index
2018-08-16 09:44:40.419  INFO 5664 --- [main] o.s.w.s.v.f.FreeMarkerConfigurer         : ClassTemplateLoader for Spring macros added to FreeMarker configuration
2018-08-16 09:44:40.702  INFO 5664 --- [main] o.s.w.s.s.s.ServerEndpointExporter       : Registering @ServerEndpoint class: class com.caody.muyi.core.websocket.SimpleEndpoint
2018-08-16 09:44:40.722  INFO 5664 --- [main] o.s.w.s.s.s.ServerEndpointExporter       : Registering @ServerEndpoint class: class com.caody.muyi.core.websocket.WebSocketServer
2018-08-16 09:44:40.757  INFO 5664 --- [main] o.s.j.e.a.AnnotationMBeanExporter        : Registering beans for JMX exposure on startup
2018-08-16 09:44:40.759  INFO 5664 --- [main] o.s.j.e.a.AnnotationMBeanExporter        : Bean with name 'dataSource' has been autodetected for JMX exposure
2018-08-16 09:44:40.769  INFO 5664 --- [main] o.s.j.e.a.AnnotationMBeanExporter        : Bean with name 'rabbitConnectionFactory' has been autodetected for JMX exposure
2018-08-16 09:44:40.774  INFO 5664 --- [main] o.s.j.e.a.AnnotationMBeanExporter        : Located MBean 'dataSource': registering with JMX server as MBean [com.alibaba.druid.pool:name=dataSource,type=DruidDataSource]
2018-08-16 09:44:40.775  INFO 5664 --- [main] o.s.j.e.a.AnnotationMBeanExporter        : Located managed bean 'rabbitConnectionFactory': registering with JMX server as MBean [org.springframework.amqp.rabbit.connection:name=rabbitConnectionFactory,type=CachingConnectionFactory]
2018-08-16 09:44:40.827  INFO 5664 --- [main] o.s.c.support.DefaultLifecycleProcessor  : Starting beans in phase 2147483647
2018-08-16 09:44:41.853 ERROR 5664 --- [container-1] o.s.d.r.l.RedisMessageListenerContainer  : Connection failure occurred. Restarting subscription task after 5000 ms
2018-08-16 09:44:45.861  INFO 5664 --- [SimpleAsyncTaskExecutor-1] o.s.a.r.c.CachingConnectionFactory       : Attempting to connect to: [47.104.110.126:5672]
2018-08-16 09:44:45.974  INFO 5664 --- [SimpleAsyncTaskExecutor-1] o.s.a.r.c.CachingConnectionFactory       : Created new connection: rabbitConnectionFactory#7322151e:0/SimpleConnection@7be32b79 [delegate=amqp://guest@47.104.110.126:5672/, localPort= 50135]
2018-08-16 09:44:46.266  INFO 5664 --- [main] o.s.b.w.embedded.tomcat.TomcatWebServer  : Tomcat started on port(s): 8812 (http) with context path ''
2018-08-16 09:44:46.273  INFO 5664 --- [main] com.caody.muyi.MuYiApplication           : Started MuYiApplication in 15.56 seconds (JVM running for 22.11)
2018-08-16 09:44:46.276  INFO 5664 --- [main] c.c.socketio.SocketIOServer              : Session store / pubsub factory used: MemoryStoreFactory (local session store only)
2018-08-16 09:44:46.498  WARN 5664 --- [main] io.netty.bootstrap.ServerBootstrap       : Unknown channel option 'SO_LINGER' for channel '[id: 0x8e6b7a74]'
2018-08-16 09:44:46.523  INFO 5664 --- [nioEventLoopGroup-2-1] c.c.socketio.SocketIOServer              : SocketIO server started at port: 8085
2018-08-16 09:44:47.864 ERROR 5664 --- [container-2] o.s.d.r.l.RedisMessageListenerContainer  : Connection failure occurred. Restarting subscription task after 5000 ms
2018-08-16 09:44:53.875 ERROR 5664 --- [container-3] o.s.d.r.l.RedisMessageListenerContainer  : Connection failure occurred. Restarting subscription task after 5000 ms
